{"timestamp": "2025-05-30T20:18:43.909272", "level": "INFO", "logger": "root", "message": "Logging system initialized", "module": "logging_config", "function": "setup_logging", "line": 120, "taskName": null, "asctime": "2025-05-30 16:18:43,909"}
{"timestamp": "2025-05-30T20:18:43.909595", "level": "INFO", "logger": "__main__", "message": "Starting data loading operation: sample", "module": "load", "function": "main", "line": 529, "taskName": null, "asctime": "2025-05-30 16:18:43,909"}
{"timestamp": "2025-05-30T20:18:43.911641", "level": "ERROR", "logger": "src.config.config_manager", "message": "Failed to load configuration: Fernet key must be 32 url-safe base64-encoded bytes.", "module": "config_manager", "function": "_load_config", "line": 51, "taskName": null, "asctime": "2025-05-30 16:18:43,911"}
{"timestamp": "2025-05-30T20:19:58.654526", "level": "INFO", "logger": "root", "message": "Logging system initialized", "module": "logging_config", "function": "setup_logging", "line": 120, "taskName": null, "asctime": "2025-05-30 16:19:58,654"}
{"timestamp": "2025-05-30T20:19:58.654707", "level": "INFO", "logger": "__main__", "message": "Starting data loading operation: sample", "module": "load", "function": "main", "line": 529, "taskName": null, "asctime": "2025-05-30 16:19:58,654"}
{"timestamp": "2025-05-30T20:19:58.656686", "level": "ERROR", "logger": "src.utils.encryption", "message": "Decryption error: Incorrect padding", "module": "encryption", "function": "decrypt_value", "line": 51, "taskName": null, "asctime": "2025-05-30 16:19:58,656"}
{"timestamp": "2025-05-30T20:19:58.658911", "level": "ERROR", "logger": "src.utils.encryption", "message": "Decryption error: ", "module": "encryption", "function": "decrypt_value", "line": 51, "taskName": null, "asctime": "2025-05-30 16:19:58,658"}
{"timestamp": "2025-05-30T20:19:58.659012", "level": "INFO", "logger": "src.config.config_manager", "message": "Configuration loaded successfully", "module": "config_manager", "function": "_load_config", "line": 47, "taskName": null, "asctime": "2025-05-30 16:19:58,658"}
{"timestamp": "2025-05-30T20:19:58.685805", "level": "ERROR", "logger": "src.database.postgresql_handler", "message": "Failed to create PostgreSQL connection pool: connection to server at \"localhost\" (::1), port 5432 failed: FATAL:  password authentication failed for user \"edi_user\"\n", "module": "postgresql_handler", "function": "_initialize_pool", "line": 51, "taskName": null, "asctime": "2025-05-30 16:19:58,685"}
{"timestamp": "2025-05-30T21:05:21.452874", "level": "INFO", "logger": "root", "message": "Logging system initialized", "module": "logging_config", "function": "setup_logging", "line": 120, "taskName": null, "asctime": "2025-05-30 17:05:21,452"}
{"timestamp": "2025-05-30T21:05:21.453051", "level": "INFO", "logger": "__main__", "message": "Starting EDI data loading - generating sample claims data", "module": "load", "function": "main", "line": 472, "taskName": null, "asctime": "2025-05-30 17:05:21,452"}
{"timestamp": "2025-05-30T21:05:21.455167", "level": "ERROR", "logger": "src.utils.encryption", "message": "Decryption error: ", "module": "encryption", "function": "decrypt_value", "line": 51, "taskName": null, "asctime": "2025-05-30 17:05:21,455"}
{"timestamp": "2025-05-30T21:05:21.455349", "level": "ERROR", "logger": "src.utils.encryption", "message": "Decryption error: ", "module": "encryption", "function": "decrypt_value", "line": 51, "taskName": null, "asctime": "2025-05-30 17:05:21,455"}
{"timestamp": "2025-05-30T21:05:21.455447", "level": "INFO", "logger": "src.config.config_manager", "message": "Configuration loaded successfully", "module": "config_manager", "function": "_load_config", "line": 47, "taskName": null, "asctime": "2025-05-30 17:05:21,455"}
{"timestamp": "2025-05-30T21:05:21.481244", "level": "ERROR", "logger": "src.database.postgresql_handler", "message": "Failed to create PostgreSQL connection pool: connection to server at \"localhost\" (::1), port 5432 failed: FATAL:  password authentication failed for user \"postgres\"\n", "module": "postgresql_handler", "function": "_initialize_pool", "line": 51, "taskName": null, "asctime": "2025-05-30 17:05:21,481"}
{"timestamp": "2025-05-30T21:13:33.906040", "level": "INFO", "logger": "root", "message": "Logging system initialized", "module": "logging_config", "function": "setup_logging", "line": 120, "taskName": null, "asctime": "2025-05-30 17:13:33,905"}
{"timestamp": "2025-05-30T21:13:33.906252", "level": "INFO", "logger": "__main__", "message": "Starting EDI data loading - generating sample claims data", "module": "load", "function": "main", "line": 472, "taskName": null, "asctime": "2025-05-30 17:13:33,906"}
{"timestamp": "2025-05-30T21:13:33.908410", "level": "ERROR", "logger": "src.utils.encryption", "message": "Decryption error: ", "module": "encryption", "function": "decrypt_value", "line": 51, "taskName": null, "asctime": "2025-05-30 17:13:33,908"}
{"timestamp": "2025-05-30T21:13:33.908582", "level": "INFO", "logger": "src.config.config_manager", "message": "Configuration loaded successfully", "module": "config_manager", "function": "_load_config", "line": 47, "taskName": null, "asctime": "2025-05-30 17:13:33,908"}
{"timestamp": "2025-05-30T21:13:33.955946", "level": "INFO", "logger": "src.database.postgresql_handler", "message": "PostgreSQL connection pool initialized: 2-10 connections", "module": "postgresql_handler", "function": "_initialize_pool", "line": 48, "taskName": null, "asctime": "2025-05-30 17:13:33,955"}
{"timestamp": "2025-05-30T21:13:33.968967", "level": "INFO", "logger": "__main__", "message": "\u2713 Loaded 73427 ICD-10 codes from C:\\Users\\jonmc\\Documents\\development\\pro\\icd10.csv", "module": "load", "function": "_load_icd10_codes", "line": 64, "taskName": null, "asctime": "2025-05-30 17:13:33,968"}
{"timestamp": "2025-05-30T21:13:33.973392", "level": "INFO", "logger": "__main__", "message": "\u2713 Loaded 1 CPT codes from C:\\Users\\jonmc\\Documents\\development\\pro\\cpts.csv", "module": "load", "function": "_load_cpt_codes", "line": 88, "taskName": null, "asctime": "2025-05-30 17:13:33,973"}
{"timestamp": "2025-05-30T21:13:33.973476", "level": "INFO", "logger": "__main__", "message": "Generating 100000 sample claims", "module": "load", "function": "load_sample_data", "line": 138, "taskName": null, "asctime": "2025-05-30 17:13:33,973"}
{"timestamp": "2025-05-30T21:13:41.548540", "level": "ERROR", "logger": "src.database.postgresql_handler", "message": "Database executemany error: column \"is_principal\" of relation \"diagnoses\" does not exist\nLINE 4:             diagnosis_sequence, is_principal\n                                        ^\n", "module": "postgresql_handler", "function": "execute_many", "line": 109, "taskName": null, "asctime": "2025-05-30 17:13:41,548"}
{"timestamp": "2025-05-30T21:13:41.548948", "level": "ERROR", "logger": "src.database.postgresql_handler", "message": "Query: \n        INSERT INTO edi.diagnoses (\n            claim_id, diagnosis_code, diagnosis_type, description, \n            diagnosis_sequence, is_principal\n        ) VALUES (%s, %s, %s, %s, %s, %s)\n        ", "module": "postgresql_handler", "function": "execute_many", "line": 110, "taskName": null, "asctime": "2025-05-30 17:13:41,548"}
{"timestamp": "2025-05-30T21:13:41.549177", "level": "ERROR", "logger": "__main__", "message": "Error loading sample data: column \"is_principal\" of relation \"diagnoses\" does not exist\nLINE 4:             diagnosis_sequence, is_principal\n                                        ^\n", "module": "load", "function": "load_sample_data", "line": 156, "taskName": null, "asctime": "2025-05-30 17:13:41,549"}
{"timestamp": "2025-05-30T21:13:41.629279", "level": "ERROR", "logger": "__main__", "message": "\u2717 Data loading operation failed", "module": "load", "function": "main", "line": 491, "taskName": null, "asctime": "2025-05-30 17:13:41,628"}
{"timestamp": "2025-05-30T21:15:40.654342", "level": "INFO", "logger": "root", "message": "Logging system initialized", "module": "logging_config", "function": "setup_logging", "line": 120, "taskName": null, "asctime": "2025-05-30 17:15:40,653"}
{"timestamp": "2025-05-30T21:15:40.654601", "level": "INFO", "logger": "__main__", "message": "Starting EDI data loading - generating sample claims data", "module": "load", "function": "main", "line": 472, "taskName": null, "asctime": "2025-05-30 17:15:40,654"}
{"timestamp": "2025-05-30T21:15:40.656813", "level": "ERROR", "logger": "src.utils.encryption", "message": "Decryption error: ", "module": "encryption", "function": "decrypt_value", "line": 51, "taskName": null, "asctime": "2025-05-30 17:15:40,656"}
{"timestamp": "2025-05-30T21:15:40.657025", "level": "INFO", "logger": "src.config.config_manager", "message": "Configuration loaded successfully", "module": "config_manager", "function": "_load_config", "line": 47, "taskName": null, "asctime": "2025-05-30 17:15:40,656"}
{"timestamp": "2025-05-30T21:15:40.703357", "level": "INFO", "logger": "src.database.postgresql_handler", "message": "PostgreSQL connection pool initialized: 2-10 connections", "module": "postgresql_handler", "function": "_initialize_pool", "line": 48, "taskName": null, "asctime": "2025-05-30 17:15:40,703"}
{"timestamp": "2025-05-30T21:15:40.709717", "level": "INFO", "logger": "__main__", "message": "\u2713 Loaded 73427 ICD-10 codes from C:\\Users\\jonmc\\Documents\\development\\pro\\icd10.csv", "module": "load", "function": "_load_icd10_codes", "line": 64, "taskName": null, "asctime": "2025-05-30 17:15:40,709"}
{"timestamp": "2025-05-30T21:15:40.710332", "level": "INFO", "logger": "__main__", "message": "\u2713 Loaded 1 CPT codes from C:\\Users\\jonmc\\Documents\\development\\pro\\cpts.csv", "module": "load", "function": "_load_cpt_codes", "line": 88, "taskName": null, "asctime": "2025-05-30 17:15:40,710"}
{"timestamp": "2025-05-30T21:15:40.710530", "level": "INFO", "logger": "__main__", "message": "Generating 100000 sample claims", "module": "load", "function": "load_sample_data", "line": 138, "taskName": null, "asctime": "2025-05-30 17:15:40,710"}
{"timestamp": "2025-05-30T21:16:06.391729", "level": "ERROR", "logger": "src.database.postgresql_handler", "message": "Database executemany error: value too long for type character varying(20)\n", "module": "postgresql_handler", "function": "execute_many", "line": 109, "taskName": null, "asctime": "2025-05-30 17:16:06,391"}
{"timestamp": "2025-05-30T21:16:06.391974", "level": "ERROR", "logger": "src.database.postgresql_handler", "message": "Query: \n        INSERT INTO edi.procedures (\n            claim_id, procedure_code, procedure_type, description, \n            service_date, procedure_sequence, charge_amount, diagnosis_pointers\n        ) VALUES (%s, %s, %s, %s, %s, %s, %s, %s)\n        ", "module": "postgresql_handler", "function": "execute_many", "line": 110, "taskName": null, "asctime": "2025-05-30 17:16:06,391"}
{"timestamp": "2025-05-30T21:16:06.392154", "level": "ERROR", "logger": "__main__", "message": "Error loading sample data: value too long for type character varying(20)\n", "module": "load", "function": "load_sample_data", "line": 156, "taskName": null, "asctime": "2025-05-30 17:16:06,392"}
{"timestamp": "2025-05-30T21:16:06.482889", "level": "ERROR", "logger": "__main__", "message": "\u2717 Data loading operation failed", "module": "load", "function": "main", "line": 491, "taskName": null, "asctime": "2025-05-30 17:16:06,482"}
{"timestamp": "2025-05-30T21:16:48.297292", "level": "INFO", "logger": "root", "message": "Logging system initialized", "module": "logging_config", "function": "setup_logging", "line": 120, "taskName": null, "asctime": "2025-05-30 17:16:48,296"}
{"timestamp": "2025-05-30T21:16:48.297498", "level": "INFO", "logger": "__main__", "message": "Starting EDI data loading - generating sample claims data", "module": "load", "function": "main", "line": 472, "taskName": null, "asctime": "2025-05-30 17:16:48,297"}
{"timestamp": "2025-05-30T21:16:48.299804", "level": "ERROR", "logger": "src.utils.encryption", "message": "Decryption error: ", "module": "encryption", "function": "decrypt_value", "line": 51, "taskName": null, "asctime": "2025-05-30 17:16:48,299"}
{"timestamp": "2025-05-30T21:16:48.300157", "level": "INFO", "logger": "src.config.config_manager", "message": "Configuration loaded successfully", "module": "config_manager", "function": "_load_config", "line": 47, "taskName": null, "asctime": "2025-05-30 17:16:48,300"}
{"timestamp": "2025-05-30T21:16:48.348904", "level": "INFO", "logger": "src.database.postgresql_handler", "message": "PostgreSQL connection pool initialized: 2-10 connections", "module": "postgresql_handler", "function": "_initialize_pool", "line": 48, "taskName": null, "asctime": "2025-05-30 17:16:48,348"}
{"timestamp": "2025-05-30T21:16:48.354967", "level": "INFO", "logger": "__main__", "message": "\u2713 Loaded 73427 ICD-10 codes from C:\\Users\\jonmc\\Documents\\development\\pro\\icd10.csv", "module": "load", "function": "_load_icd10_codes", "line": 64, "taskName": null, "asctime": "2025-05-30 17:16:48,354"}
{"timestamp": "2025-05-30T21:16:48.355444", "level": "INFO", "logger": "__main__", "message": "\u2713 Loaded 1321 CPT codes from C:\\Users\\jonmc\\Documents\\development\\pro\\cpts.csv", "module": "load", "function": "_load_cpt_codes", "line": 88, "taskName": null, "asctime": "2025-05-30 17:16:48,355"}
{"timestamp": "2025-05-30T21:16:48.355732", "level": "INFO", "logger": "__main__", "message": "Generating 100000 sample claims", "module": "load", "function": "load_sample_data", "line": 138, "taskName": null, "asctime": "2025-05-30 17:16:48,355"}
{"timestamp": "2025-05-30T21:17:22.874615", "level": "INFO", "logger": "__main__", "message": "Successfully loaded 100000 sample claims", "module": "load", "function": "load_sample_data", "line": 152, "taskName": null, "asctime": "2025-05-30 17:17:22,874"}
{"timestamp": "2025-05-30T21:17:22.893818", "level": "INFO", "logger": "__main__", "message": "\u2713 Successfully loaded 100000 sample claims into database", "module": "load", "function": "main", "line": 487, "taskName": null, "asctime": "2025-05-30 17:17:22,893"}
{"timestamp": "2025-05-30T22:38:53.930568", "level": "INFO", "logger": "root", "message": "Logging system initialized", "module": "logging_config", "function": "setup_logging", "line": 120, "taskName": null, "asctime": "2025-05-30 18:38:53,930"}
{"timestamp": "2025-05-30T22:38:53.930744", "level": "INFO", "logger": "__main__", "message": "Starting EDI data loading - generating sample claims data", "module": "load", "function": "main", "line": 472, "taskName": null, "asctime": "2025-05-30 18:38:53,930"}
{"timestamp": "2025-05-30T22:38:53.932732", "level": "ERROR", "logger": "src.utils.encryption", "message": "Decryption error: ", "module": "encryption", "function": "decrypt_value", "line": 51, "taskName": null, "asctime": "2025-05-30 18:38:53,932"}
{"timestamp": "2025-05-30T22:38:53.932935", "level": "INFO", "logger": "src.config.config_manager", "message": "Configuration loaded successfully", "module": "config_manager", "function": "_load_config", "line": 47, "taskName": null, "asctime": "2025-05-30 18:38:53,932"}
{"timestamp": "2025-05-30T22:38:53.974264", "level": "INFO", "logger": "src.database.postgresql_handler", "message": "PostgreSQL connection pool initialized", "module": "postgresql_handler", "function": "_initialize_pool", "line": 41, "taskName": null, "asctime": "2025-05-30 18:38:53,974"}
{"timestamp": "2025-05-30T22:38:53.980386", "level": "INFO", "logger": "__main__", "message": "\u2713 Loaded 73427 ICD-10 codes from C:\\Users\\jonmc\\Documents\\development\\pro\\icd10.csv", "module": "load", "function": "_load_icd10_codes", "line": 64, "taskName": null, "asctime": "2025-05-30 18:38:53,980"}
{"timestamp": "2025-05-30T22:38:53.980741", "level": "INFO", "logger": "__main__", "message": "\u2713 Loaded 1321 CPT codes from C:\\Users\\jonmc\\Documents\\development\\pro\\cpts.csv", "module": "load", "function": "_load_cpt_codes", "line": 88, "taskName": null, "asctime": "2025-05-30 18:38:53,980"}
{"timestamp": "2025-05-30T22:38:53.980882", "level": "INFO", "logger": "__main__", "message": "Generating 100000 sample claims", "module": "load", "function": "load_sample_data", "line": 138, "taskName": null, "asctime": "2025-05-30 18:38:53,980"}
{"timestamp": "2025-05-30T22:38:54.907723", "level": "ERROR", "logger": "__main__", "message": "Error loading sample data: 'PostgreSQLHandler' object has no attribute 'execute_many'", "module": "load", "function": "load_sample_data", "line": 156, "taskName": null, "asctime": "2025-05-30 18:38:54,907"}
{"timestamp": "2025-05-30T22:38:54.927470", "level": "ERROR", "logger": "__main__", "message": "\u2717 Data loading operation failed", "module": "load", "function": "main", "line": 491, "taskName": null, "asctime": "2025-05-30 18:38:54,927"}
{"timestamp": "2025-05-30T23:07:26.400675", "level": "INFO", "logger": "root", "message": "Logging system initialized", "module": "logging_config", "function": "setup_logging", "line": 120, "taskName": null, "asctime": "2025-05-30 19:07:26,400"}
{"timestamp": "2025-05-30T23:07:26.400848", "level": "INFO", "logger": "__main__", "message": "Starting EDI data loading - generating sample claims data", "module": "load", "function": "main", "line": 472, "taskName": null, "asctime": "2025-05-30 19:07:26,400"}
{"timestamp": "2025-05-30T23:07:26.402979", "level": "ERROR", "logger": "src.utils.encryption", "message": "Decryption error: ", "module": "encryption", "function": "decrypt_value", "line": 51, "taskName": null, "asctime": "2025-05-30 19:07:26,402"}
{"timestamp": "2025-05-30T23:07:26.403121", "level": "INFO", "logger": "src.config.config_manager", "message": "Configuration loaded successfully", "module": "config_manager", "function": "_load_config", "line": 47, "taskName": null, "asctime": "2025-05-30 19:07:26,403"}
{"timestamp": "2025-05-30T23:07:26.447258", "level": "INFO", "logger": "src.database.postgresql_handler", "message": "PostgreSQL connection pool initialized", "module": "postgresql_handler", "function": "_initialize_pool", "line": 41, "taskName": null, "asctime": "2025-05-30 19:07:26,447"}
{"timestamp": "2025-05-30T23:07:26.453518", "level": "INFO", "logger": "__main__", "message": "\u2713 Loaded 73427 ICD-10 codes from C:\\Users\\jonmc\\Documents\\development\\pro\\icd10.csv", "module": "load", "function": "_load_icd10_codes", "line": 64, "taskName": null, "asctime": "2025-05-30 19:07:26,453"}
{"timestamp": "2025-05-30T23:07:26.453812", "level": "INFO", "logger": "__main__", "message": "\u2713 Loaded 1321 CPT codes from C:\\Users\\jonmc\\Documents\\development\\pro\\cpts.csv", "module": "load", "function": "_load_cpt_codes", "line": 88, "taskName": null, "asctime": "2025-05-30 19:07:26,453"}
{"timestamp": "2025-05-30T23:07:26.453879", "level": "INFO", "logger": "__main__", "message": "Generating 100000 sample claims", "module": "load", "function": "load_sample_data", "line": 138, "taskName": null, "asctime": "2025-05-30 19:07:26,453"}
{"timestamp": "2025-05-30T23:07:27.390270", "level": "ERROR", "logger": "__main__", "message": "Error loading sample data: 'PostgreSQLHandler' object has no attribute 'execute_many'", "module": "load", "function": "load_sample_data", "line": 156, "taskName": null, "asctime": "2025-05-30 19:07:27,390"}
{"timestamp": "2025-05-30T23:07:27.409104", "level": "ERROR", "logger": "__main__", "message": "\u2717 Data loading operation failed", "module": "load", "function": "main", "line": 491, "taskName": null, "asctime": "2025-05-30 19:07:27,408"}
{"timestamp": "2025-05-30T23:10:02.808024", "level": "INFO", "logger": "root", "message": "Logging system initialized", "module": "logging_config", "function": "setup_logging", "line": 120, "taskName": null, "asctime": "2025-05-30 19:10:02,807"}
{"timestamp": "2025-05-30T23:10:02.808236", "level": "INFO", "logger": "__main__", "message": "Starting EDI data loading - generating sample claims data", "module": "load", "function": "main", "line": 509, "taskName": null, "asctime": "2025-05-30 19:10:02,808"}
{"timestamp": "2025-05-30T23:10:02.810412", "level": "ERROR", "logger": "src.utils.encryption", "message": "Decryption error: ", "module": "encryption", "function": "decrypt_value", "line": 51, "taskName": null, "asctime": "2025-05-30 19:10:02,810"}
{"timestamp": "2025-05-30T23:10:02.810595", "level": "INFO", "logger": "src.config.config_manager", "message": "Configuration loaded successfully", "module": "config_manager", "function": "_load_config", "line": 47, "taskName": null, "asctime": "2025-05-30 19:10:02,810"}
{"timestamp": "2025-05-30T23:10:02.865081", "level": "INFO", "logger": "src.database.postgresql_handler", "message": "PostgreSQL connection pool initialized", "module": "postgresql_handler", "function": "_initialize_pool", "line": 41, "taskName": null, "asctime": "2025-05-30 19:10:02,864"}
{"timestamp": "2025-05-30T23:10:02.871392", "level": "INFO", "logger": "__main__", "message": "\u2713 Loaded 73427 ICD-10 codes from C:\\Users\\jonmc\\Documents\\development\\pro\\icd10.csv", "module": "load", "function": "_load_icd10_codes", "line": 100, "taskName": null, "asctime": "2025-05-30 19:10:02,871"}
{"timestamp": "2025-05-30T23:10:02.871789", "level": "INFO", "logger": "__main__", "message": "\u2713 Loaded 1321 CPT codes from C:\\Users\\jonmc\\Documents\\development\\pro\\cpts.csv", "module": "load", "function": "_load_cpt_codes", "line": 124, "taskName": null, "asctime": "2025-05-30 19:10:02,871"}
{"timestamp": "2025-05-30T23:10:02.871879", "level": "INFO", "logger": "__main__", "message": "Generating 100000 sample claims", "module": "load", "function": "load_sample_data", "line": 174, "taskName": null, "asctime": "2025-05-30 19:10:02,871"}
{"timestamp": "2025-05-30T23:10:19.162855", "level": "ERROR", "logger": "__main__", "message": "Bulk insert failed, trying fallback method: there is no unique or exclusion constraint matching the ON CONFLICT specification\n", "module": "load", "function": "execute_bulk_insert", "line": 78, "taskName": null, "asctime": "2025-05-30 19:10:19,162"}
{"timestamp": "2025-05-30T23:10:19.183033", "level": "ERROR", "logger": "src.database.postgresql_handler", "message": "Query execution error: there is no unique or exclusion constraint matching the ON CONFLICT specification\n", "module": "postgresql_handler", "function": "execute_query", "line": 74, "taskName": null, "asctime": "2025-05-30 19:10:19,182"}
{"timestamp": "2025-05-30T23:10:19.183234", "level": "ERROR", "logger": "__main__", "message": "Failed to insert row ('Age_Under_18_Preventive_Care', 'has_diagnosis(X, Code) & patient_age(X, Age) & (Age < 18) & preventive_code(Code)', 'Validate preventive care codes for patients under 18', 'MANUAL'): there is no unique or exclusion constraint matching the ON CONFLICT specification\n", "module": "load", "function": "_fallback_bulk_insert", "line": 88, "taskName": null, "asctime": "2025-05-30 19:10:19,183"}
{"timestamp": "2025-05-30T23:10:19.183601", "level": "ERROR", "logger": "src.database.postgresql_handler", "message": "Query execution error: there is no unique or exclusion constraint matching the ON CONFLICT specification\n", "module": "postgresql_handler", "function": "execute_query", "line": 74, "taskName": null, "asctime": "2025-05-30 19:10:19,183"}
{"timestamp": "2025-05-30T23:10:19.183804", "level": "ERROR", "logger": "__main__", "message": "Failed to insert row ('High_Cost_Specialist_Review', 'charge_amount(X, Amount) & provider_type(X, \"SPECIALIST\") & (Amount > 1000)', 'Flag high-cost specialist claims for review', 'MANUAL'): there is no unique or exclusion constraint matching the ON CONFLICT specification\n", "module": "load", "function": "_fallback_bulk_insert", "line": 88, "taskName": null, "asctime": "2025-05-30 19:10:19,183"}
{"timestamp": "2025-05-30T23:10:19.184257", "level": "ERROR", "logger": "src.database.postgresql_handler", "message": "Query execution error: there is no unique or exclusion constraint matching the ON CONFLICT specification\n", "module": "postgresql_handler", "function": "execute_query", "line": 74, "taskName": null, "asctime": "2025-05-30 19:10:19,184"}
{"timestamp": "2025-05-30T23:10:19.184430", "level": "ERROR", "logger": "__main__", "message": "Failed to insert row ('Emergency_Room_Diagnosis_Check', 'place_of_service(X, \"23\") & has_diagnosis(X, Code) & emergency_appropriate(Code)', 'Validate diagnosis codes are appropriate for emergency room visits', 'MANUAL'): there is no unique or exclusion constraint matching the ON CONFLICT specification\n", "module": "load", "function": "_fallback_bulk_insert", "line": 88, "taskName": null, "asctime": "2025-05-30 19:10:19,184"}
{"timestamp": "2025-05-30T23:10:19.184942", "level": "ERROR", "logger": "src.database.postgresql_handler", "message": "Query execution error: there is no unique or exclusion constraint matching the ON CONFLICT specification\n", "module": "postgresql_handler", "function": "execute_query", "line": 74, "taskName": null, "asctime": "2025-05-30 19:10:19,184"}
{"timestamp": "2025-05-30T23:10:19.185264", "level": "ERROR", "logger": "__main__", "message": "Failed to insert row ('Diabetes_Management_Protocol', 'has_diagnosis(X, \"E11.9\") & has_procedure(X, ProcCode) & diabetes_management(ProcCode)', 'Ensure proper procedures for diabetes management', 'MANUAL'): there is no unique or exclusion constraint matching the ON CONFLICT specification\n", "module": "load", "function": "_fallback_bulk_insert", "line": 88, "taskName": null, "asctime": "2025-05-30 19:10:19,185"}
{"timestamp": "2025-05-30T23:10:19.185503", "level": "INFO", "logger": "__main__", "message": "Successfully loaded 100000 sample claims", "module": "load", "function": "load_sample_data", "line": 188, "taskName": null, "asctime": "2025-05-30 19:10:19,185"}
{"timestamp": "2025-05-30T23:10:19.204948", "level": "INFO", "logger": "__main__", "message": "\u2713 Successfully loaded 100000 sample claims into database", "module": "load", "function": "main", "line": 524, "taskName": null, "asctime": "2025-05-30 19:10:19,204"}
{"timestamp": "2025-05-30T23:46:19.536889", "level": "INFO", "logger": "root", "message": "Logging system initialized", "module": "logging_config", "function": "setup_logging", "line": 120, "taskName": null, "asctime": "2025-05-30 19:46:19,536"}
{"timestamp": "2025-05-30T23:46:19.537080", "level": "INFO", "logger": "__main__", "message": "Starting EDI data loading - generating sample claims data", "module": "load", "function": "main", "line": 546, "taskName": null, "asctime": "2025-05-30 19:46:19,536"}
{"timestamp": "2025-05-30T23:46:19.539240", "level": "ERROR", "logger": "src.utils.encryption", "message": "Decryption error: ", "module": "encryption", "function": "decrypt_value", "line": 51, "taskName": null, "asctime": "2025-05-30 19:46:19,539"}
{"timestamp": "2025-05-30T23:46:19.539380", "level": "INFO", "logger": "src.config.config_manager", "message": "Configuration loaded successfully", "module": "config_manager", "function": "_load_config", "line": 47, "taskName": null, "asctime": "2025-05-30 19:46:19,539"}
{"timestamp": "2025-05-30T23:46:19.586746", "level": "INFO", "logger": "src.database.postgresql_handler", "message": "PostgreSQL connection pool initialized", "module": "postgresql_handler", "function": "_initialize_pool", "line": 41, "taskName": null, "asctime": "2025-05-30 19:46:19,586"}
{"timestamp": "2025-05-30T23:46:19.592930", "level": "INFO", "logger": "__main__", "message": "\u2713 Loaded 73427 ICD-10 codes from C:\\Users\\jonmc\\Documents\\development\\pro\\icd10.csv", "module": "load", "function": "_load_icd10_codes", "line": 100, "taskName": null, "asctime": "2025-05-30 19:46:19,592"}
{"timestamp": "2025-05-30T23:46:19.593307", "level": "INFO", "logger": "__main__", "message": "\u2713 Loaded 1321 CPT codes from C:\\Users\\jonmc\\Documents\\development\\pro\\cpts.csv", "module": "load", "function": "_load_cpt_codes", "line": 124, "taskName": null, "asctime": "2025-05-30 19:46:19,593"}
{"timestamp": "2025-05-30T23:46:19.593386", "level": "INFO", "logger": "__main__", "message": "Generating 100000 sample claims", "module": "load", "function": "load_sample_data", "line": 174, "taskName": null, "asctime": "2025-05-30 19:46:19,593"}
{"timestamp": "2025-05-30T23:46:35.869231", "level": "INFO", "logger": "__main__", "message": "Loaded sample filters using ON CONFLICT", "module": "load", "function": "_load_sample_filters", "line": 501, "taskName": null, "asctime": "2025-05-30 19:46:35,869"}
{"timestamp": "2025-05-30T23:46:35.869413", "level": "INFO", "logger": "__main__", "message": "Successfully loaded 100000 sample claims", "module": "load", "function": "load_sample_data", "line": 188, "taskName": null, "asctime": "2025-05-30 19:46:35,869"}
{"timestamp": "2025-05-30T23:46:35.888292", "level": "INFO", "logger": "__main__", "message": "\u2713 Successfully loaded 100000 sample claims into database", "module": "load", "function": "main", "line": 561, "taskName": null, "asctime": "2025-05-30 19:46:35,888"}
{"timestamp": "2025-05-30T23:53:50.807078", "level": "INFO", "logger": "root", "message": "Logging system initialized", "module": "logging_config", "function": "setup_logging", "line": 120, "taskName": null, "asctime": "2025-05-30 19:53:50,806"}
{"timestamp": "2025-05-30T23:53:50.807262", "level": "INFO", "logger": "__main__", "message": "Starting EDI data loading - generating sample claims data", "module": "load", "function": "main", "line": 413, "taskName": null, "asctime": "2025-05-30 19:53:50,807"}
{"timestamp": "2025-05-30T23:53:50.809433", "level": "ERROR", "logger": "src.utils.encryption", "message": "Decryption error: ", "module": "encryption", "function": "decrypt_value", "line": 51, "taskName": null, "asctime": "2025-05-30 19:53:50,809"}
{"timestamp": "2025-05-30T23:53:50.809599", "level": "INFO", "logger": "src.config.config_manager", "message": "Configuration loaded successfully", "module": "config_manager", "function": "_load_config", "line": 47, "taskName": null, "asctime": "2025-05-30 19:53:50,809"}
{"timestamp": "2025-05-30T23:53:50.856128", "level": "INFO", "logger": "src.database.postgresql_handler", "message": "PostgreSQL connection pool initialized", "module": "postgresql_handler", "function": "_initialize_pool", "line": 41, "taskName": null, "asctime": "2025-05-30 19:53:50,855"}
{"timestamp": "2025-05-30T23:53:50.867536", "level": "INFO", "logger": "__main__", "message": "Successfully loaded codes using utf-8 encoding", "module": "load", "function": "_load_codes_from_csv", "line": 216, "taskName": null, "asctime": "2025-05-30 19:53:50,867"}
{"timestamp": "2025-05-30T23:53:50.867796", "level": "INFO", "logger": "__main__", "message": "\u2713 Loaded 73427 ICD-10 codes from C:\\Users\\jonmc\\Documents\\development\\pro\\icd10.csv", "module": "load", "function": "_load_icd10_codes", "line": 151, "taskName": null, "asctime": "2025-05-30 19:53:50,867"}
{"timestamp": "2025-05-30T23:53:50.868171", "level": "INFO", "logger": "__main__", "message": "Successfully loaded codes using utf-8 encoding", "module": "load", "function": "_load_codes_from_csv", "line": 216, "taskName": null, "asctime": "2025-05-30 19:53:50,868"}
{"timestamp": "2025-05-30T23:53:50.868289", "level": "INFO", "logger": "__main__", "message": "\u2713 Loaded 1321 CPT codes from C:\\Users\\jonmc\\Documents\\development\\pro\\cpts.csv", "module": "load", "function": "_load_cpt_codes", "line": 175, "taskName": null, "asctime": "2025-05-30 19:53:50,868"}
{"timestamp": "2025-05-30T23:53:50.874358", "level": "ERROR", "logger": "__main__", "message": "Database validation failed: 0", "module": "load", "function": "validate_database_connection", "line": 266, "taskName": null, "asctime": "2025-05-30 19:53:50,874"}
{"timestamp": "2025-05-30T23:53:50.874699", "level": "ERROR", "logger": "__main__", "message": "Database validation failed, aborting data load", "module": "load", "function": "load_sample_data", "line": 274, "taskName": null, "asctime": "2025-05-30 19:53:50,874"}
{"timestamp": "2025-05-30T23:53:50.874864", "level": "ERROR", "logger": "__main__", "message": "\u2717 Data loading operation failed", "module": "load", "function": "main", "line": 436, "taskName": null, "asctime": "2025-05-30 19:53:50,874"}
{"timestamp": "2025-05-30T23:57:33.818668", "level": "INFO", "logger": "root", "message": "Logging system initialized", "module": "logging_config", "function": "setup_logging", "line": 120, "taskName": null, "asctime": "2025-05-30 19:57:33,818"}
{"timestamp": "2025-05-30T23:57:33.818894", "level": "INFO", "logger": "__main__", "message": "Starting EDI data loading - generating sample claims data", "module": "load", "function": "main", "line": 546, "taskName": null, "asctime": "2025-05-30 19:57:33,818"}
{"timestamp": "2025-05-30T23:57:33.821068", "level": "ERROR", "logger": "src.utils.encryption", "message": "Decryption error: ", "module": "encryption", "function": "decrypt_value", "line": 51, "taskName": null, "asctime": "2025-05-30 19:57:33,820"}
{"timestamp": "2025-05-30T23:57:33.821218", "level": "INFO", "logger": "src.config.config_manager", "message": "Configuration loaded successfully", "module": "config_manager", "function": "_load_config", "line": 47, "taskName": null, "asctime": "2025-05-30 19:57:33,821"}
{"timestamp": "2025-05-30T23:57:33.881249", "level": "INFO", "logger": "src.database.postgresql_handler", "message": "PostgreSQL connection pool initialized", "module": "postgresql_handler", "function": "_initialize_pool", "line": 41, "taskName": null, "asctime": "2025-05-30 19:57:33,881"}
{"timestamp": "2025-05-30T23:57:33.887581", "level": "INFO", "logger": "__main__", "message": "\u2713 Loaded 73427 ICD-10 codes from C:\\Users\\jonmc\\Documents\\development\\pro\\icd10.csv", "module": "load", "function": "_load_icd10_codes", "line": 100, "taskName": null, "asctime": "2025-05-30 19:57:33,887"}
{"timestamp": "2025-05-30T23:57:33.888174", "level": "INFO", "logger": "__main__", "message": "\u2713 Loaded 1321 CPT codes from C:\\Users\\jonmc\\Documents\\development\\pro\\cpts.csv", "module": "load", "function": "_load_cpt_codes", "line": 124, "taskName": null, "asctime": "2025-05-30 19:57:33,888"}
{"timestamp": "2025-05-30T23:57:33.888251", "level": "INFO", "logger": "__main__", "message": "Generating 100000 sample claims", "module": "load", "function": "load_sample_data", "line": 174, "taskName": null, "asctime": "2025-05-30 19:57:33,888"}
{"timestamp": "2025-05-30T23:57:49.978854", "level": "INFO", "logger": "__main__", "message": "Loaded sample filters using ON CONFLICT", "module": "load", "function": "_load_sample_filters", "line": 501, "taskName": null, "asctime": "2025-05-30 19:57:49,978"}
{"timestamp": "2025-05-30T23:57:49.978977", "level": "INFO", "logger": "__main__", "message": "Successfully loaded 100000 sample claims", "module": "load", "function": "load_sample_data", "line": 188, "taskName": null, "asctime": "2025-05-30 19:57:49,978"}
{"timestamp": "2025-05-30T23:57:49.997461", "level": "INFO", "logger": "__main__", "message": "\u2713 Successfully loaded 100000 sample claims into database", "module": "load", "function": "main", "line": 561, "taskName": null, "asctime": "2025-05-30 19:57:49,997"}
{"timestamp": "2025-05-31T00:09:04.439182", "level": "INFO", "logger": "root", "message": "Logging system initialized", "module": "logging_config", "function": "setup_logging", "line": 120, "taskName": null, "asctime": "2025-05-30 20:09:04,438"}
{"timestamp": "2025-05-31T00:09:04.439377", "level": "INFO", "logger": "__main__", "message": "Starting EDI data loading - generating sample claims data", "module": "load", "function": "main", "line": 546, "taskName": null, "asctime": "2025-05-30 20:09:04,439"}
{"timestamp": "2025-05-31T00:09:04.441511", "level": "INFO", "logger": "src.config.config_manager", "message": "Raw configuration loaded from config/config.yaml", "module": "config_manager", "function": "_load_config", "line": 35, "taskName": null, "asctime": "2025-05-30 20:09:04,441"}
{"timestamp": "2025-05-31T00:09:04.441621", "level": "INFO", "logger": "src.config.config_manager", "message": "Found encryption key and encrypted fields, attempting decryption", "module": "config_manager", "function": "_load_config", "line": 42, "taskName": null, "asctime": "2025-05-30 20:09:04,441"}
{"timestamp": "2025-05-31T00:09:04.441778", "level": "ERROR", "logger": "src.utils.encryption", "message": "Decryption error: ", "module": "encryption", "function": "decrypt_value", "line": 51, "taskName": null, "asctime": "2025-05-30 20:09:04,441"}
{"timestamp": "2025-05-31T00:09:04.441953", "level": "INFO", "logger": "src.config.config_manager", "message": "Configuration decrypted successfully", "module": "config_manager", "function": "_load_config", "line": 48, "taskName": null, "asctime": "2025-05-30 20:09:04,441"}
{"timestamp": "2025-05-31T00:09:04.442044", "level": "INFO", "logger": "src.config.config_manager", "message": "Configuration loaded and validated successfully", "module": "config_manager", "function": "_load_config", "line": 69, "taskName": null, "asctime": "2025-05-30 20:09:04,441"}
{"timestamp": "2025-05-31T00:09:04.486376", "level": "INFO", "logger": "src.database.postgresql_handler", "message": "PostgreSQL connection pool initialized", "module": "postgresql_handler", "function": "_initialize_pool", "line": 41, "taskName": null, "asctime": "2025-05-30 20:09:04,486"}
{"timestamp": "2025-05-31T00:09:04.493020", "level": "INFO", "logger": "__main__", "message": "\u2713 Loaded 73427 ICD-10 codes from C:\\Users\\jonmc\\Documents\\development\\pro\\icd10.csv", "module": "load", "function": "_load_icd10_codes", "line": 100, "taskName": null, "asctime": "2025-05-30 20:09:04,492"}
{"timestamp": "2025-05-31T00:09:04.493854", "level": "INFO", "logger": "__main__", "message": "\u2713 Loaded 1321 CPT codes from C:\\Users\\jonmc\\Documents\\development\\pro\\cpts.csv", "module": "load", "function": "_load_cpt_codes", "line": 124, "taskName": null, "asctime": "2025-05-30 20:09:04,493"}
{"timestamp": "2025-05-31T00:09:04.494036", "level": "INFO", "logger": "__main__", "message": "Generating 100000 sample claims", "module": "load", "function": "load_sample_data", "line": 174, "taskName": null, "asctime": "2025-05-30 20:09:04,493"}
{"timestamp": "2025-05-31T00:09:20.995047", "level": "INFO", "logger": "__main__", "message": "Loaded sample filters using ON CONFLICT", "module": "load", "function": "_load_sample_filters", "line": 501, "taskName": null, "asctime": "2025-05-30 20:09:20,994"}
{"timestamp": "2025-05-31T00:09:20.995274", "level": "INFO", "logger": "__main__", "message": "Successfully loaded 100000 sample claims", "module": "load", "function": "load_sample_data", "line": 188, "taskName": null, "asctime": "2025-05-30 20:09:20,995"}
{"timestamp": "2025-05-31T00:09:21.013953", "level": "INFO", "logger": "__main__", "message": "\u2713 Successfully loaded 100000 sample claims into database", "module": "load", "function": "main", "line": 561, "taskName": null, "asctime": "2025-05-30 20:09:21,013"}
{"timestamp": "2025-05-31T00:12:44.731289", "level": "INFO", "logger": "root", "message": "Logging system initialized", "module": "logging_config", "function": "setup_logging", "line": 120, "taskName": null, "asctime": "2025-05-30 20:12:44,731"}
{"timestamp": "2025-05-31T00:12:44.731479", "level": "INFO", "logger": "__main__", "message": "Starting EDI data loading - generating sample claims data", "module": "load", "function": "main", "line": 546, "taskName": null, "asctime": "2025-05-30 20:12:44,731"}
{"timestamp": "2025-05-31T00:12:44.733482", "level": "INFO", "logger": "src.config.config_manager", "message": "Raw configuration loaded from config/config.yaml", "module": "config_manager", "function": "_load_config", "line": 35, "taskName": null, "asctime": "2025-05-30 20:12:44,733"}
{"timestamp": "2025-05-31T00:12:44.733612", "level": "INFO", "logger": "src.config.config_manager", "message": "No encryption configured, using plain configuration", "module": "config_manager", "function": "_load_config", "line": 63, "taskName": null, "asctime": "2025-05-30 20:12:44,733"}
{"timestamp": "2025-05-31T00:12:44.733681", "level": "INFO", "logger": "src.config.config_manager", "message": "Configuration loaded and validated successfully", "module": "config_manager", "function": "_load_config", "line": 69, "taskName": null, "asctime": "2025-05-30 20:12:44,733"}
{"timestamp": "2025-05-31T00:12:44.792914", "level": "INFO", "logger": "src.database.postgresql_handler", "message": "PostgreSQL connection pool initialized", "module": "postgresql_handler", "function": "_initialize_pool", "line": 41, "taskName": null, "asctime": "2025-05-30 20:12:44,792"}
{"timestamp": "2025-05-31T00:12:44.799662", "level": "INFO", "logger": "__main__", "message": "\u2713 Loaded 73427 ICD-10 codes from C:\\Users\\jonmc\\Documents\\development\\pro\\icd10.csv", "module": "load", "function": "_load_icd10_codes", "line": 100, "taskName": null, "asctime": "2025-05-30 20:12:44,799"}
{"timestamp": "2025-05-31T00:12:44.800198", "level": "INFO", "logger": "__main__", "message": "\u2713 Loaded 1321 CPT codes from C:\\Users\\jonmc\\Documents\\development\\pro\\cpts.csv", "module": "load", "function": "_load_cpt_codes", "line": 124, "taskName": null, "asctime": "2025-05-30 20:12:44,800"}
{"timestamp": "2025-05-31T00:12:44.800277", "level": "INFO", "logger": "__main__", "message": "Generating 100000 sample claims", "module": "load", "function": "load_sample_data", "line": 174, "taskName": null, "asctime": "2025-05-30 20:12:44,800"}
{"timestamp": "2025-05-31T00:13:01.211384", "level": "INFO", "logger": "__main__", "message": "Loaded sample filters using ON CONFLICT", "module": "load", "function": "_load_sample_filters", "line": 501, "taskName": null, "asctime": "2025-05-30 20:13:01,211"}
{"timestamp": "2025-05-31T00:13:01.211504", "level": "INFO", "logger": "__main__", "message": "Successfully loaded 100000 sample claims", "module": "load", "function": "load_sample_data", "line": 188, "taskName": null, "asctime": "2025-05-30 20:13:01,211"}
{"timestamp": "2025-05-31T00:13:01.229836", "level": "INFO", "logger": "__main__", "message": "\u2713 Successfully loaded 100000 sample claims into database", "module": "load", "function": "main", "line": 561, "taskName": null, "asctime": "2025-05-30 20:13:01,229"}
